running egg_info
creating build/lidarsubnode/lidarsubnode.egg-info
writing build/lidarsubnode/lidarsubnode.egg-info/PKG-INFO
writing dependency_links to build/lidarsubnode/lidarsubnode.egg-info/dependency_links.txt
writing entry points to build/lidarsubnode/lidarsubnode.egg-info/entry_points.txt
writing requirements to build/lidarsubnode/lidarsubnode.egg-info/requires.txt
writing top-level names to build/lidarsubnode/lidarsubnode.egg-info/top_level.txt
writing manifest file 'build/lidarsubnode/lidarsubnode.egg-info/SOURCES.txt'
reading manifest file 'build/lidarsubnode/lidarsubnode.egg-info/SOURCES.txt'
writing manifest file 'build/lidarsubnode/lidarsubnode.egg-info/SOURCES.txt'
running build
running build_py
creating /home/ubuntu/ros2_ws/src/lidarsubnode/build/lidarsubnode/build
creating /home/ubuntu/ros2_ws/src/lidarsubnode/build/lidarsubnode/build/lib
creating /home/ubuntu/ros2_ws/src/lidarsubnode/build/lidarsubnode/build/lib/lidarsubnode
copying lidarsubnode/__init__.py -> /home/ubuntu/ros2_ws/src/lidarsubnode/build/lidarsubnode/build/lib/lidarsubnode
copying lidarsubnode/lidarsub.py -> /home/ubuntu/ros2_ws/src/lidarsubnode/build/lidarsubnode/build/lib/lidarsubnode
/usr/lib/python3/dist-packages/setuptools/command/install.py:34: SetuptoolsDeprecationWarning: setup.py install is deprecated. Use build and pip and other standards-based tools.
  warnings.warn(
running install
running install_lib
creating /home/ubuntu/ros2_ws/src/lidarsubnode/install/lidarsubnode/lib/python3.10/site-packages/lidarsubnode
copying /home/ubuntu/ros2_ws/src/lidarsubnode/build/lidarsubnode/build/lib/lidarsubnode/__init__.py -> /home/ubuntu/ros2_ws/src/lidarsubnode/install/lidarsubnode/lib/python3.10/site-packages/lidarsubnode
copying /home/ubuntu/ros2_ws/src/lidarsubnode/build/lidarsubnode/build/lib/lidarsubnode/lidarsub.py -> /home/ubuntu/ros2_ws/src/lidarsubnode/install/lidarsubnode/lib/python3.10/site-packages/lidarsubnode
byte-compiling /home/ubuntu/ros2_ws/src/lidarsubnode/install/lidarsubnode/lib/python3.10/site-packages/lidarsubnode/__init__.py to __init__.cpython-310.pyc
byte-compiling /home/ubuntu/ros2_ws/src/lidarsubnode/install/lidarsubnode/lib/python3.10/site-packages/lidarsubnode/lidarsub.py to lidarsub.cpython-310.pyc
running install_data
creating /home/ubuntu/ros2_ws/src/lidarsubnode/install/lidarsubnode/share/ament_index
creating /home/ubuntu/ros2_ws/src/lidarsubnode/install/lidarsubnode/share/ament_index/resource_index
creating /home/ubuntu/ros2_ws/src/lidarsubnode/install/lidarsubnode/share/ament_index/resource_index/packages
copying resource/lidarsubnode -> /home/ubuntu/ros2_ws/src/lidarsubnode/install/lidarsubnode/share/ament_index/resource_index/packages
copying package.xml -> /home/ubuntu/ros2_ws/src/lidarsubnode/install/lidarsubnode/share/lidarsubnode
running install_egg_info
Copying build/lidarsubnode/lidarsubnode.egg-info to /home/ubuntu/ros2_ws/src/lidarsubnode/install/lidarsubnode/lib/python3.10/site-packages/lidarsubnode-0.0.0-py3.10.egg-info
running install_scripts
Installing listener script to /home/ubuntu/ros2_ws/src/lidarsubnode/install/lidarsubnode/lib/lidarsubnode
writing list of installed files to '/home/ubuntu/ros2_ws/src/lidarsubnode/build/lidarsubnode/install.log'
