[1.378s] Invoking command in '/home/ubuntu/ros2_ws/src/lidarsubnode': PYTHONPATH=/home/ubuntu/ros2_ws/src/lidarsubnode/build/lidarsubnode/prefix_override:/home/ubuntu/ros2_ws/src/lidarsubnode/install/lidarsubnode/lib/python3.10/site-packages:${PYTHONPATH} /usr/bin/python3 setup.py egg_info --egg-base build/lidarsubnode build --build-base /home/ubuntu/ros2_ws/src/lidarsubnode/build/lidarsubnode/build install --record /home/ubuntu/ros2_ws/src/lidarsubnode/build/lidarsubnode/install.log --single-version-externally-managed
[1.815s] running egg_info
[1.816s] creating build/lidarsubnode/lidarsubnode.egg-info
[1.816s] writing build/lidarsubnode/lidarsubnode.egg-info/PKG-INFO
[1.817s] writing dependency_links to build/lidarsubnode/lidarsubnode.egg-info/dependency_links.txt
[1.817s] writing entry points to build/lidarsubnode/lidarsubnode.egg-info/entry_points.txt
[1.817s] writing requirements to build/lidarsubnode/lidarsubnode.egg-info/requires.txt
[1.817s] writing top-level names to build/lidarsubnode/lidarsubnode.egg-info/top_level.txt
[1.818s] writing manifest file 'build/lidarsubnode/lidarsubnode.egg-info/SOURCES.txt'
[1.820s] reading manifest file 'build/lidarsubnode/lidarsubnode.egg-info/SOURCES.txt'
[1.821s] writing manifest file 'build/lidarsubnode/lidarsubnode.egg-info/SOURCES.txt'
[1.822s] running build
[1.822s] running build_py
[1.823s] creating /home/ubuntu/ros2_ws/src/lidarsubnode/build/lidarsubnode/build
[1.823s] creating /home/ubuntu/ros2_ws/src/lidarsubnode/build/lidarsubnode/build/lib
[1.824s] creating /home/ubuntu/ros2_ws/src/lidarsubnode/build/lidarsubnode/build/lib/lidarsubnode
[1.824s] copying lidarsubnode/__init__.py -> /home/ubuntu/ros2_ws/src/lidarsubnode/build/lidarsubnode/build/lib/lidarsubnode
[1.824s] copying lidarsubnode/lidarsub.py -> /home/ubuntu/ros2_ws/src/lidarsubnode/build/lidarsubnode/build/lib/lidarsubnode
[1.825s] /usr/lib/python3/dist-packages/setuptools/command/install.py:34: SetuptoolsDeprecationWarning: setup.py install is deprecated. Use build and pip and other standards-based tools.
[1.825s]   warnings.warn(
[1.825s] running install
[1.825s] running install_lib
[1.826s] creating /home/ubuntu/ros2_ws/src/lidarsubnode/install/lidarsubnode/lib/python3.10/site-packages/lidarsubnode
[1.826s] copying /home/ubuntu/ros2_ws/src/lidarsubnode/build/lidarsubnode/build/lib/lidarsubnode/__init__.py -> /home/ubuntu/ros2_ws/src/lidarsubnode/install/lidarsubnode/lib/python3.10/site-packages/lidarsubnode
[1.827s] copying /home/ubuntu/ros2_ws/src/lidarsubnode/build/lidarsubnode/build/lib/lidarsubnode/lidarsub.py -> /home/ubuntu/ros2_ws/src/lidarsubnode/install/lidarsubnode/lib/python3.10/site-packages/lidarsubnode
[1.828s] byte-compiling /home/ubuntu/ros2_ws/src/lidarsubnode/install/lidarsubnode/lib/python3.10/site-packages/lidarsubnode/__init__.py to __init__.cpython-310.pyc
[1.828s] byte-compiling /home/ubuntu/ros2_ws/src/lidarsubnode/install/lidarsubnode/lib/python3.10/site-packages/lidarsubnode/lidarsub.py to lidarsub.cpython-310.pyc
[1.831s] running install_data
[1.831s] creating /home/ubuntu/ros2_ws/src/lidarsubnode/install/lidarsubnode/share/ament_index
[1.831s] creating /home/ubuntu/ros2_ws/src/lidarsubnode/install/lidarsubnode/share/ament_index/resource_index
[1.831s] creating /home/ubuntu/ros2_ws/src/lidarsubnode/install/lidarsubnode/share/ament_index/resource_index/packages
[1.831s] copying resource/lidarsubnode -> /home/ubuntu/ros2_ws/src/lidarsubnode/install/lidarsubnode/share/ament_index/resource_index/packages
[1.831s] copying package.xml -> /home/ubuntu/ros2_ws/src/lidarsubnode/install/lidarsubnode/share/lidarsubnode
[1.831s] running install_egg_info
[1.833s] Copying build/lidarsubnode/lidarsubnode.egg-info to /home/ubuntu/ros2_ws/src/lidarsubnode/install/lidarsubnode/lib/python3.10/site-packages/lidarsubnode-0.0.0-py3.10.egg-info
[1.835s] running install_scripts
[1.866s] Installing listener script to /home/ubuntu/ros2_ws/src/lidarsubnode/install/lidarsubnode/lib/lidarsubnode
[1.866s] writing list of installed files to '/home/ubuntu/ros2_ws/src/lidarsubnode/build/lidarsubnode/install.log'
[1.908s] Invoked command in '/home/ubuntu/ros2_ws/src/lidarsubnode' returned '0': PYTHONPATH=/home/ubuntu/ros2_ws/src/lidarsubnode/build/lidarsubnode/prefix_override:/home/ubuntu/ros2_ws/src/lidarsubnode/install/lidarsubnode/lib/python3.10/site-packages:${PYTHONPATH} /usr/bin/python3 setup.py egg_info --egg-base build/lidarsubnode build --build-base /home/ubuntu/ros2_ws/src/lidarsubnode/build/lidarsubnode/build install --record /home/ubuntu/ros2_ws/src/lidarsubnode/build/lidarsubnode/install.log --single-version-externally-managed
