[3.030s] DEBUG:colcon:Command line arguments: ['/usr/bin/colcon', 'build']
[3.030s] DEBUG:colcon:Parsed command line arguments: Namespace(log_base=None, log_level=None, verb_name='build', build_base='build', install_base='install', merge_install=False, symlink_install=False, test_result_base=None, continue_on_error=False, executor='parallel', parallel_workers=8, event_handlers=None, ignore_user_meta=False, metas=['./colcon.meta'], base_paths=['.'], packages_ignore=None, packages_ignore_regex=None, paths=None, packages_up_to=None, packages_up_to_regex=None, packages_above=None, packages_above_and_dependencies=None, packages_above_depth=None, packages_select_by_dep=None, packages_skip_by_dep=None, packages_skip_up_to=None, packages_select_build_failed=False, packages_skip_build_finished=False, packages_select_test_failures=False, packages_skip_test_passed=False, packages_select=None, packages_skip=None, packages_select_regex=None, packages_skip_regex=None, packages_start=None, packages_end=None, allow_overriding=[], cmake_args=None, cmake_target=None, cmake_target_skip_unavailable=False, cmake_clean_cache=False, cmake_clean_first=False, cmake_force_configure=False, ament_cmake_args=None, catkin_cmake_args=None, catkin_skip_building_tests=False, verb_parser=<colcon_defaults.argument_parser.defaults.DefaultArgumentsDecorator object at 0x7f1595914d60>, verb_extension=<colcon_core.verb.build.BuildVerb object at 0x7f1595c1ee00>, main=<bound method BuildVerb.main of <colcon_core.verb.build.BuildVerb object at 0x7f1595c1ee00>>)
[3.155s] Level 1:colcon.colcon_core.package_discovery:discover_packages(colcon_meta) check parameters
[3.156s] Level 1:colcon.colcon_core.package_discovery:discover_packages(recursive) check parameters
[3.156s] Level 1:colcon.colcon_core.package_discovery:discover_packages(ignore) check parameters
[3.156s] Level 1:colcon.colcon_core.package_discovery:discover_packages(path) check parameters
[3.156s] Level 1:colcon.colcon_core.package_discovery:discover_packages(colcon_meta) discover
[3.156s] Level 1:colcon.colcon_core.package_discovery:discover_packages(recursive) discover
[3.156s] INFO:colcon.colcon_core.package_discovery:Crawling recursively for packages in '/home/ubuntu/ros2_ws/src/lidarsubnode'
[3.156s] Level 1:colcon.colcon_core.package_identification:_identify(.) by extensions ['ignore', 'ignore_ament_install']
[3.156s] Level 1:colcon.colcon_core.package_identification:_identify(.) by extension 'ignore'
[3.156s] Level 1:colcon.colcon_core.package_identification:_identify(.) by extension 'ignore_ament_install'
[3.157s] Level 1:colcon.colcon_core.package_identification:_identify(.) by extensions ['colcon_pkg']
[3.157s] Level 1:colcon.colcon_core.package_identification:_identify(.) by extension 'colcon_pkg'
[3.157s] Level 1:colcon.colcon_core.package_identification:_identify(.) by extensions ['colcon_meta']
[3.157s] Level 1:colcon.colcon_core.package_identification:_identify(.) by extension 'colcon_meta'
[3.157s] Level 1:colcon.colcon_core.package_identification:_identify(.) by extensions ['ros']
[3.157s] Level 1:colcon.colcon_core.package_identification:_identify(.) by extension 'ros'
[3.188s] DEBUG:colcon.colcon_core.package_identification:Package '.' with type 'ros.ament_python' and name 'lidarsubnode'
[3.188s] Level 1:colcon.colcon_core.package_discovery:discover_packages(recursive) using defaults
[3.189s] Level 1:colcon.colcon_core.package_discovery:discover_packages(ignore) discover
[3.189s] Level 1:colcon.colcon_core.package_discovery:discover_packages(ignore) using defaults
[3.189s] Level 1:colcon.colcon_core.package_discovery:discover_packages(path) discover
[3.189s] Level 1:colcon.colcon_core.package_discovery:discover_packages(path) using defaults
[3.464s] Level 1:colcon.colcon_core.package_discovery:discover_packages(prefix_path) check parameters
[3.464s] Level 1:colcon.colcon_core.package_discovery:discover_packages(prefix_path) discover
[3.533s] DEBUG:colcon.colcon_installed_package_information.package_discovery:Found 1 installed packages in /home/ubuntu/ros2_ws/src/lidarsubnode/install
[3.587s] DEBUG:colcon.colcon_installed_package_information.package_discovery:Found 2 installed packages in /home/ubuntu/ros2_ws/install
[3.652s] DEBUG:colcon.colcon_installed_package_information.package_discovery:Found 402 installed packages in /opt/ros/humble
[3.657s] Level 1:colcon.colcon_core.package_discovery:discover_packages(prefix_path) using defaults
[3.995s] Level 5:colcon.colcon_core.verb:set package 'lidarsubnode' build argument 'cmake_args' from command line to 'None'
[3.995s] Level 5:colcon.colcon_core.verb:set package 'lidarsubnode' build argument 'cmake_target' from command line to 'None'
[3.996s] Level 5:colcon.colcon_core.verb:set package 'lidarsubnode' build argument 'cmake_target_skip_unavailable' from command line to 'False'
[3.996s] Level 5:colcon.colcon_core.verb:set package 'lidarsubnode' build argument 'cmake_clean_cache' from command line to 'False'
[3.996s] Level 5:colcon.colcon_core.verb:set package 'lidarsubnode' build argument 'cmake_clean_first' from command line to 'False'
[3.996s] Level 5:colcon.colcon_core.verb:set package 'lidarsubnode' build argument 'cmake_force_configure' from command line to 'False'
[3.996s] Level 5:colcon.colcon_core.verb:set package 'lidarsubnode' build argument 'ament_cmake_args' from command line to 'None'
[3.996s] Level 5:colcon.colcon_core.verb:set package 'lidarsubnode' build argument 'catkin_cmake_args' from command line to 'None'
[3.996s] Level 5:colcon.colcon_core.verb:set package 'lidarsubnode' build argument 'catkin_skip_building_tests' from command line to 'False'
[3.997s] DEBUG:colcon.colcon_core.verb:Building package 'lidarsubnode' with the following arguments: {'ament_cmake_args': None, 'build_base': '/home/ubuntu/ros2_ws/src/lidarsubnode/build/lidarsubnode', 'catkin_cmake_args': None, 'catkin_skip_building_tests': False, 'cmake_args': None, 'cmake_clean_cache': False, 'cmake_clean_first': False, 'cmake_force_configure': False, 'cmake_target': None, 'cmake_target_skip_unavailable': False, 'install_base': '/home/ubuntu/ros2_ws/src/lidarsubnode/install/lidarsubnode', 'merge_install': False, 'path': '/home/ubuntu/ros2_ws/src/lidarsubnode', 'symlink_install': False, 'test_result_base': None}
[4.045s] INFO:colcon.colcon_core.executor:Executing jobs using 'parallel' executor
[4.088s] DEBUG:colcon.colcon_parallel_executor.executor.parallel:run_until_complete
[4.089s] INFO:colcon.colcon_ros.task.ament_python.build:Building ROS package in '/home/ubuntu/ros2_ws/src/lidarsubnode' with build type 'ament_python'
[4.089s] Level 1:colcon.colcon_core.shell:create_environment_hook('lidarsubnode', 'ament_prefix_path')
[4.144s] INFO:colcon.colcon_core.plugin_system:Skipping extension 'colcon_core.shell.bat': Not used on non-Windows systems
[4.145s] INFO:colcon.colcon_core.shell:Creating environment hook '/home/ubuntu/ros2_ws/src/lidarsubnode/install/lidarsubnode/share/lidarsubnode/hook/ament_prefix_path.ps1'
[4.147s] INFO:colcon.colcon_core.shell:Creating environment descriptor '/home/ubuntu/ros2_ws/src/lidarsubnode/install/lidarsubnode/share/lidarsubnode/hook/ament_prefix_path.dsv'
[4.148s] INFO:colcon.colcon_core.shell:Creating environment hook '/home/ubuntu/ros2_ws/src/lidarsubnode/install/lidarsubnode/share/lidarsubnode/hook/ament_prefix_path.sh'
[4.184s] INFO:colcon.colcon_core.shell:Skip shell extension 'powershell' for command environment: Not usable outside of PowerShell
[4.184s] DEBUG:colcon.colcon_core.shell:Skip shell extension 'dsv' for command environment
[5.302s] INFO:colcon.colcon_core.task.python.build:Building Python package in '/home/ubuntu/ros2_ws/src/lidarsubnode'
[5.339s] INFO:colcon.colcon_core.shell:Skip shell extension 'powershell' for command environment: Not usable outside of PowerShell
[5.340s] DEBUG:colcon.colcon_core.shell:Skip shell extension 'dsv' for command environment
[6.701s] DEBUG:colcon.colcon_core.event_handler.log_command:Invoking command in '/home/ubuntu/ros2_ws/src/lidarsubnode': PYTHONPATH=/home/ubuntu/ros2_ws/src/lidarsubnode/build/lidarsubnode/prefix_override:/home/ubuntu/ros2_ws/src/lidarsubnode/install/lidarsubnode/lib/python3.10/site-packages:${PYTHONPATH} /usr/bin/python3 setup.py egg_info --egg-base build/lidarsubnode build --build-base /home/ubuntu/ros2_ws/src/lidarsubnode/build/lidarsubnode/build install --record /home/ubuntu/ros2_ws/src/lidarsubnode/build/lidarsubnode/install.log --single-version-externally-managed
[7.626s] DEBUG:colcon.colcon_core.event_handler.log_command:Invoked command in '/home/ubuntu/ros2_ws/src/lidarsubnode' returned '0': PYTHONPATH=/home/ubuntu/ros2_ws/src/lidarsubnode/build/lidarsubnode/prefix_override:/home/ubuntu/ros2_ws/src/lidarsubnode/install/lidarsubnode/lib/python3.10/site-packages:${PYTHONPATH} /usr/bin/python3 setup.py egg_info --egg-base build/lidarsubnode build --build-base /home/ubuntu/ros2_ws/src/lidarsubnode/build/lidarsubnode/build install --record /home/ubuntu/ros2_ws/src/lidarsubnode/build/lidarsubnode/install.log --single-version-externally-managed
[7.674s] Level 1:colcon.colcon_core.environment:checking '/home/ubuntu/ros2_ws/src/lidarsubnode/install/lidarsubnode' for CMake module files
[7.675s] Level 1:colcon.colcon_core.environment:checking '/home/ubuntu/ros2_ws/src/lidarsubnode/install/lidarsubnode' for CMake config files
[7.677s] Level 1:colcon.colcon_core.environment:checking '/home/ubuntu/ros2_ws/src/lidarsubnode/install/lidarsubnode/lib'
[7.677s] Level 1:colcon.colcon_core.environment:checking '/home/ubuntu/ros2_ws/src/lidarsubnode/install/lidarsubnode/bin'
[7.677s] Level 1:colcon.colcon_core.environment:checking '/home/ubuntu/ros2_ws/src/lidarsubnode/install/lidarsubnode/lib/pkgconfig/lidarsubnode.pc'
[7.678s] Level 1:colcon.colcon_core.environment:checking '/home/ubuntu/ros2_ws/src/lidarsubnode/install/lidarsubnode/lib/python3.10/site-packages'
[7.678s] Level 1:colcon.colcon_core.shell:create_environment_hook('lidarsubnode', 'pythonpath')
[7.751s] INFO:colcon.colcon_core.shell:Creating environment hook '/home/ubuntu/ros2_ws/src/lidarsubnode/install/lidarsubnode/share/lidarsubnode/hook/pythonpath.ps1'
[7.752s] INFO:colcon.colcon_core.shell:Creating environment descriptor '/home/ubuntu/ros2_ws/src/lidarsubnode/install/lidarsubnode/share/lidarsubnode/hook/pythonpath.dsv'
[7.752s] INFO:colcon.colcon_core.shell:Creating environment hook '/home/ubuntu/ros2_ws/src/lidarsubnode/install/lidarsubnode/share/lidarsubnode/hook/pythonpath.sh'
[7.753s] Level 1:colcon.colcon_core.environment:checking '/home/ubuntu/ros2_ws/src/lidarsubnode/install/lidarsubnode/bin'
[7.754s] Level 1:colcon.colcon_core.environment:create_environment_scripts_only(lidarsubnode)
[7.815s] INFO:colcon.colcon_core.shell:Creating package script '/home/ubuntu/ros2_ws/src/lidarsubnode/install/lidarsubnode/share/lidarsubnode/package.ps1'
[7.817s] INFO:colcon.colcon_core.shell:Creating package descriptor '/home/ubuntu/ros2_ws/src/lidarsubnode/install/lidarsubnode/share/lidarsubnode/package.dsv'
[7.822s] INFO:colcon.colcon_core.shell:Creating package script '/home/ubuntu/ros2_ws/src/lidarsubnode/install/lidarsubnode/share/lidarsubnode/package.sh'
[7.824s] INFO:colcon.colcon_core.shell:Creating package script '/home/ubuntu/ros2_ws/src/lidarsubnode/install/lidarsubnode/share/lidarsubnode/package.bash'
[7.825s] INFO:colcon.colcon_core.shell:Creating package script '/home/ubuntu/ros2_ws/src/lidarsubnode/install/lidarsubnode/share/lidarsubnode/package.zsh'
[7.826s] Level 1:colcon.colcon_core.environment:create_file_with_runtime_dependencies(/home/ubuntu/ros2_ws/src/lidarsubnode/install/lidarsubnode/share/colcon-core/packages/lidarsubnode)
[7.827s] DEBUG:colcon.colcon_parallel_executor.executor.parallel:closing loop
[7.827s] DEBUG:colcon.colcon_parallel_executor.executor.parallel:loop closed
[7.827s] DEBUG:colcon.colcon_parallel_executor.executor.parallel:run_until_complete finished with '0'
[7.827s] DEBUG:colcon.colcon_core.event_reactor:joining thread
[7.884s] INFO:colcon.colcon_core.plugin_system:Skipping extension 'colcon_notification.desktop_notification.terminal_notifier': Not used on non-Darwin systems
[7.884s] INFO:colcon.colcon_core.plugin_system:Skipping extension 'colcon_notification.desktop_notification.win32': Not used on non-Windows systems
[7.886s] INFO:colcon.colcon_notification.desktop_notification:Sending desktop notification using 'notify2'
[8.603s] DEBUG:colcon.colcon_core.event_reactor:joined thread
[8.639s] INFO:colcon.colcon_core.shell:Creating prefix script '/home/ubuntu/ros2_ws/src/lidarsubnode/install/local_setup.ps1'
[8.641s] INFO:colcon.colcon_core.shell:Creating prefix util module '/home/ubuntu/ros2_ws/src/lidarsubnode/install/_local_setup_util_ps1.py'
[8.652s] INFO:colcon.colcon_core.shell:Creating prefix chain script '/home/ubuntu/ros2_ws/src/lidarsubnode/install/setup.ps1'
[8.713s] INFO:colcon.colcon_core.shell:Creating prefix script '/home/ubuntu/ros2_ws/src/lidarsubnode/install/local_setup.sh'
[8.716s] INFO:colcon.colcon_core.shell:Creating prefix util module '/home/ubuntu/ros2_ws/src/lidarsubnode/install/_local_setup_util_sh.py'
[8.717s] INFO:colcon.colcon_core.shell:Creating prefix chain script '/home/ubuntu/ros2_ws/src/lidarsubnode/install/setup.sh'
[8.759s] INFO:colcon.colcon_core.shell:Creating prefix script '/home/ubuntu/ros2_ws/src/lidarsubnode/install/local_setup.bash'
[8.762s] INFO:colcon.colcon_core.shell:Creating prefix chain script '/home/ubuntu/ros2_ws/src/lidarsubnode/install/setup.bash'
[8.822s] INFO:colcon.colcon_core.shell:Creating prefix script '/home/ubuntu/ros2_ws/src/lidarsubnode/install/local_setup.zsh'
[8.823s] INFO:colcon.colcon_core.shell:Creating prefix chain script '/home/ubuntu/ros2_ws/src/lidarsubnode/install/setup.zsh'
