running egg_info
writing build/lidarsubnode/lidarsubnode.egg-info/PKG-INFO
writing dependency_links to build/lidarsubnode/lidarsubnode.egg-info/dependency_links.txt
writing entry points to build/lidarsubnode/lidarsubnode.egg-info/entry_points.txt
writing requirements to build/lidarsubnode/lidarsubnode.egg-info/requires.txt
writing top-level names to build/lidarsubnode/lidarsubnode.egg-info/top_level.txt
reading manifest file 'build/lidarsubnode/lidarsubnode.egg-info/SOURCES.txt'
writing manifest file 'build/lidarsubnode/lidarsubnode.egg-info/SOURCES.txt'
running build
running build_py
running install
/usr/lib/python3/dist-packages/setuptools/command/install.py:34: SetuptoolsDeprecationWarning: setup.py install is deprecated. Use build and pip and other standards-based tools.
  warnings.warn(
running install_lib
running install_data
running install_egg_info
removing '/home/ubuntu/ros2_ws/src/lidarsubnode/install/lidarsubnode/lib/python3.10/site-packages/lidarsubnode-0.0.0-py3.10.egg-info' (and everything under it)
Copying build/lidarsubnode/lidarsubnode.egg-info to /home/ubuntu/ros2_ws/src/lidarsubnode/install/lidarsubnode/lib/python3.10/site-packages/lidarsubnode-0.0.0-py3.10.egg-info
running install_scripts
Installing listener script to /home/ubuntu/ros2_ws/src/lidarsubnode/install/lidarsubnode/lib/lidarsubnode
writing list of installed files to '/home/ubuntu/ros2_ws/src/lidarsubnode/build/lidarsubnode/install.log'
