[2.342s] Invoking command in '/home/ubuntu/ros2_ws/src/lidarsubnode': PYTHONPATH=/home/ubuntu/ros2_ws/src/lidarsubnode/build/lidarsubnode/prefix_override:/home/ubuntu/ros2_ws/src/lidarsubnode/install/lidarsubnode/lib/python3.10/site-packages:${PYTHONPATH} /usr/bin/python3 setup.py egg_info --egg-base build/lidarsubnode build --build-base /home/ubuntu/ros2_ws/src/lidarsubnode/build/lidarsubnode/build install --record /home/ubuntu/ros2_ws/src/lidarsubnode/build/lidarsubnode/install.log --single-version-externally-managed
[3.039s] running egg_info
[3.040s] writing build/lidarsubnode/lidarsubnode.egg-info/PKG-INFO
[3.041s] writing dependency_links to build/lidarsubnode/lidarsubnode.egg-info/dependency_links.txt
[3.041s] writing entry points to build/lidarsubnode/lidarsubnode.egg-info/entry_points.txt
[3.041s] writing requirements to build/lidarsubnode/lidarsubnode.egg-info/requires.txt
[3.044s] writing top-level names to build/lidarsubnode/lidarsubnode.egg-info/top_level.txt
[3.051s] reading manifest file 'build/lidarsubnode/lidarsubnode.egg-info/SOURCES.txt'
[3.054s] writing manifest file 'build/lidarsubnode/lidarsubnode.egg-info/SOURCES.txt'
[3.055s] running build
[3.055s] running build_py
[3.055s] copying lidarsubnode/lidarsub.py -> /home/ubuntu/ros2_ws/src/lidarsubnode/build/lidarsubnode/build/lib/lidarsubnode
[3.055s] running install
[3.055s] running install_lib
[3.056s] copying /home/ubuntu/ros2_ws/src/lidarsubnode/build/lidarsubnode/build/lib/lidarsubnode/lidarsub.py -> /home/ubuntu/ros2_ws/src/lidarsubnode/install/lidarsubnode/lib/python3.10/site-packages/lidarsubnode
[3.057s] byte-compiling /home/ubuntu/ros2_ws/src/lidarsubnode/install/lidarsubnode/lib/python3.10/site-packages/lidarsubnode/lidarsub.py to lidarsub.cpython-310.pyc
[3.059s] running install_data
[3.059s] running install_egg_info
[3.064s] removing '/home/ubuntu/ros2_ws/src/lidarsubnode/install/lidarsubnode/lib/python3.10/site-packages/lidarsubnode-0.0.0-py3.10.egg-info' (and everything under it)
[3.066s] Copying build/lidarsubnode/lidarsubnode.egg-info to /home/ubuntu/ros2_ws/src/lidarsubnode/install/lidarsubnode/lib/python3.10/site-packages/lidarsubnode-0.0.0-py3.10.egg-info
[3.067s] running install_scripts
[3.111s] Installing listener script to /home/ubuntu/ros2_ws/src/lidarsubnode/install/lidarsubnode/lib/lidarsubnode
[3.113s] writing list of installed files to '/home/ubuntu/ros2_ws/src/lidarsubnode/build/lidarsubnode/install.log'
[3.193s] Invoked command in '/home/ubuntu/ros2_ws/src/lidarsubnode' returned '0': PYTHONPATH=/home/ubuntu/ros2_ws/src/lidarsubnode/build/lidarsubnode/prefix_override:/home/ubuntu/ros2_ws/src/lidarsubnode/install/lidarsubnode/lib/python3.10/site-packages:${PYTHONPATH} /usr/bin/python3 setup.py egg_info --egg-base build/lidarsubnode build --build-base /home/ubuntu/ros2_ws/src/lidarsubnode/build/lidarsubnode/build install --record /home/ubuntu/ros2_ws/src/lidarsubnode/build/lidarsubnode/install.log --single-version-externally-managed
