[1.560s] DEBUG:colcon:Command line arguments: ['/usr/bin/colcon', 'build']
[1.560s] DEBUG:colcon:Parsed command line arguments: Namespace(log_base=None, log_level=None, verb_name='build', build_base='build', install_base='install', merge_install=False, symlink_install=False, test_result_base=None, continue_on_error=False, executor='parallel', parallel_workers=8, event_handlers=None, ignore_user_meta=False, metas=['./colcon.meta'], base_paths=['.'], packages_ignore=None, packages_ignore_regex=None, paths=None, packages_up_to=None, packages_up_to_regex=None, packages_above=None, packages_above_and_dependencies=None, packages_above_depth=None, packages_select_by_dep=None, packages_skip_by_dep=None, packages_skip_up_to=None, packages_select_build_failed=False, packages_skip_build_finished=False, packages_select_test_failures=False, packages_skip_test_passed=False, packages_select=None, packages_skip=None, packages_select_regex=None, packages_skip_regex=None, packages_start=None, packages_end=None, allow_overriding=[], cmake_args=None, cmake_target=None, cmake_target_skip_unavailable=False, cmake_clean_cache=False, cmake_clean_first=False, cmake_force_configure=False, ament_cmake_args=None, catkin_cmake_args=None, catkin_skip_building_tests=False, verb_parser=<colcon_defaults.argument_parser.defaults.DefaultArgumentsDecorator object at 0x7f8b9c5143d0>, verb_extension=<colcon_core.verb.build.BuildVerb object at 0x7f8b9c9c9060>, main=<bound method BuildVerb.main of <colcon_core.verb.build.BuildVerb object at 0x7f8b9c9c9060>>)
[1.622s] Level 1:colcon.colcon_core.package_discovery:discover_packages(colcon_meta) check parameters
[1.622s] Level 1:colcon.colcon_core.package_discovery:discover_packages(recursive) check parameters
[1.622s] Level 1:colcon.colcon_core.package_discovery:discover_packages(ignore) check parameters
[1.622s] Level 1:colcon.colcon_core.package_discovery:discover_packages(path) check parameters
[1.622s] Level 1:colcon.colcon_core.package_discovery:discover_packages(colcon_meta) discover
[1.622s] Level 1:colcon.colcon_core.package_discovery:discover_packages(recursive) discover
[1.622s] INFO:colcon.colcon_core.package_discovery:Crawling recursively for packages in '/home/ubuntu/ros2_ws/src/lidarsubnode'
[1.622s] Level 1:colcon.colcon_core.package_identification:_identify(.) by extensions ['ignore', 'ignore_ament_install']
[1.622s] Level 1:colcon.colcon_core.package_identification:_identify(.) by extension 'ignore'
[1.622s] Level 1:colcon.colcon_core.package_identification:_identify(.) by extension 'ignore_ament_install'
[1.623s] Level 1:colcon.colcon_core.package_identification:_identify(.) by extensions ['colcon_pkg']
[1.623s] Level 1:colcon.colcon_core.package_identification:_identify(.) by extension 'colcon_pkg'
[1.623s] Level 1:colcon.colcon_core.package_identification:_identify(.) by extensions ['colcon_meta']
[1.623s] Level 1:colcon.colcon_core.package_identification:_identify(.) by extension 'colcon_meta'
[1.623s] Level 1:colcon.colcon_core.package_identification:_identify(.) by extensions ['ros']
[1.623s] Level 1:colcon.colcon_core.package_identification:_identify(.) by extension 'ros'
[1.638s] DEBUG:colcon.colcon_core.package_identification:Package '.' with type 'ros.ament_python' and name 'lidarsubnode'
[1.638s] Level 1:colcon.colcon_core.package_discovery:discover_packages(recursive) using defaults
[1.639s] Level 1:colcon.colcon_core.package_discovery:discover_packages(ignore) discover
[1.639s] Level 1:colcon.colcon_core.package_discovery:discover_packages(ignore) using defaults
[1.639s] Level 1:colcon.colcon_core.package_discovery:discover_packages(path) discover
[1.639s] Level 1:colcon.colcon_core.package_discovery:discover_packages(path) using defaults
[1.779s] Level 1:colcon.colcon_core.package_discovery:discover_packages(prefix_path) check parameters
[1.779s] Level 1:colcon.colcon_core.package_discovery:discover_packages(prefix_path) discover
[1.824s] DEBUG:colcon.colcon_installed_package_information.package_discovery:Found 1 installed packages in /home/ubuntu/ros2_ws/src/lidarsubnode/install
[1.845s] DEBUG:colcon.colcon_installed_package_information.package_discovery:Found 2 installed packages in /home/ubuntu/ros2_ws/install
[1.868s] DEBUG:colcon.colcon_installed_package_information.package_discovery:Found 402 installed packages in /opt/ros/humble
[1.880s] Level 1:colcon.colcon_core.package_discovery:discover_packages(prefix_path) using defaults
[2.033s] Level 5:colcon.colcon_core.verb:set package 'lidarsubnode' build argument 'cmake_args' from command line to 'None'
[2.033s] Level 5:colcon.colcon_core.verb:set package 'lidarsubnode' build argument 'cmake_target' from command line to 'None'
[2.033s] Level 5:colcon.colcon_core.verb:set package 'lidarsubnode' build argument 'cmake_target_skip_unavailable' from command line to 'False'
[2.033s] Level 5:colcon.colcon_core.verb:set package 'lidarsubnode' build argument 'cmake_clean_cache' from command line to 'False'
[2.033s] Level 5:colcon.colcon_core.verb:set package 'lidarsubnode' build argument 'cmake_clean_first' from command line to 'False'
[2.033s] Level 5:colcon.colcon_core.verb:set package 'lidarsubnode' build argument 'cmake_force_configure' from command line to 'False'
[2.033s] Level 5:colcon.colcon_core.verb:set package 'lidarsubnode' build argument 'ament_cmake_args' from command line to 'None'
[2.033s] Level 5:colcon.colcon_core.verb:set package 'lidarsubnode' build argument 'catkin_cmake_args' from command line to 'None'
[2.033s] Level 5:colcon.colcon_core.verb:set package 'lidarsubnode' build argument 'catkin_skip_building_tests' from command line to 'False'
[2.033s] DEBUG:colcon.colcon_core.verb:Building package 'lidarsubnode' with the following arguments: {'ament_cmake_args': None, 'build_base': '/home/ubuntu/ros2_ws/src/lidarsubnode/build/lidarsubnode', 'catkin_cmake_args': None, 'catkin_skip_building_tests': False, 'cmake_args': None, 'cmake_clean_cache': False, 'cmake_clean_first': False, 'cmake_force_configure': False, 'cmake_target': None, 'cmake_target_skip_unavailable': False, 'install_base': '/home/ubuntu/ros2_ws/src/lidarsubnode/install/lidarsubnode', 'merge_install': False, 'path': '/home/ubuntu/ros2_ws/src/lidarsubnode', 'symlink_install': False, 'test_result_base': None}
[2.054s] INFO:colcon.colcon_core.executor:Executing jobs using 'parallel' executor
[2.079s] DEBUG:colcon.colcon_parallel_executor.executor.parallel:run_until_complete
[2.080s] INFO:colcon.colcon_ros.task.ament_python.build:Building ROS package in '/home/ubuntu/ros2_ws/src/lidarsubnode' with build type 'ament_python'
[2.080s] Level 1:colcon.colcon_core.shell:create_environment_hook('lidarsubnode', 'ament_prefix_path')
[2.104s] INFO:colcon.colcon_core.plugin_system:Skipping extension 'colcon_core.shell.bat': Not used on non-Windows systems
[2.104s] INFO:colcon.colcon_core.shell:Creating environment hook '/home/ubuntu/ros2_ws/src/lidarsubnode/install/lidarsubnode/share/lidarsubnode/hook/ament_prefix_path.ps1'
[2.105s] INFO:colcon.colcon_core.shell:Creating environment descriptor '/home/ubuntu/ros2_ws/src/lidarsubnode/install/lidarsubnode/share/lidarsubnode/hook/ament_prefix_path.dsv'
[2.105s] INFO:colcon.colcon_core.shell:Creating environment hook '/home/ubuntu/ros2_ws/src/lidarsubnode/install/lidarsubnode/share/lidarsubnode/hook/ament_prefix_path.sh'
[2.129s] INFO:colcon.colcon_core.shell:Skip shell extension 'powershell' for command environment: Not usable outside of PowerShell
[2.129s] DEBUG:colcon.colcon_core.shell:Skip shell extension 'dsv' for command environment
[2.747s] INFO:colcon.colcon_core.task.python.build:Building Python package in '/home/ubuntu/ros2_ws/src/lidarsubnode'
[2.777s] INFO:colcon.colcon_core.shell:Skip shell extension 'powershell' for command environment: Not usable outside of PowerShell
[2.777s] DEBUG:colcon.colcon_core.shell:Skip shell extension 'dsv' for command environment
[3.449s] DEBUG:colcon.colcon_core.event_handler.log_command:Invoking command in '/home/ubuntu/ros2_ws/src/lidarsubnode': PYTHONPATH=/home/ubuntu/ros2_ws/src/lidarsubnode/build/lidarsubnode/prefix_override:/home/ubuntu/ros2_ws/src/lidarsubnode/install/lidarsubnode/lib/python3.10/site-packages:${PYTHONPATH} /usr/bin/python3 setup.py egg_info --egg-base build/lidarsubnode build --build-base /home/ubuntu/ros2_ws/src/lidarsubnode/build/lidarsubnode/build install --record /home/ubuntu/ros2_ws/src/lidarsubnode/build/lidarsubnode/install.log --single-version-externally-managed
[3.886s] DEBUG:colcon.colcon_core.event_handler.log_command:Invoked command in '/home/ubuntu/ros2_ws/src/lidarsubnode' returned '0': PYTHONPATH=/home/ubuntu/ros2_ws/src/lidarsubnode/build/lidarsubnode/prefix_override:/home/ubuntu/ros2_ws/src/lidarsubnode/install/lidarsubnode/lib/python3.10/site-packages:${PYTHONPATH} /usr/bin/python3 setup.py egg_info --egg-base build/lidarsubnode build --build-base /home/ubuntu/ros2_ws/src/lidarsubnode/build/lidarsubnode/build install --record /home/ubuntu/ros2_ws/src/lidarsubnode/build/lidarsubnode/install.log --single-version-externally-managed
[3.917s] Level 1:colcon.colcon_core.environment:checking '/home/ubuntu/ros2_ws/src/lidarsubnode/install/lidarsubnode' for CMake module files
[3.919s] Level 1:colcon.colcon_core.environment:checking '/home/ubuntu/ros2_ws/src/lidarsubnode/install/lidarsubnode' for CMake config files
[3.920s] Level 1:colcon.colcon_core.environment:checking '/home/ubuntu/ros2_ws/src/lidarsubnode/install/lidarsubnode/lib'
[3.920s] Level 1:colcon.colcon_core.environment:checking '/home/ubuntu/ros2_ws/src/lidarsubnode/install/lidarsubnode/bin'
[3.920s] Level 1:colcon.colcon_core.environment:checking '/home/ubuntu/ros2_ws/src/lidarsubnode/install/lidarsubnode/lib/pkgconfig/lidarsubnode.pc'
[3.921s] Level 1:colcon.colcon_core.environment:checking '/home/ubuntu/ros2_ws/src/lidarsubnode/install/lidarsubnode/lib/python3.10/site-packages'
[3.921s] Level 1:colcon.colcon_core.shell:create_environment_hook('lidarsubnode', 'pythonpath')
[3.945s] INFO:colcon.colcon_core.shell:Creating environment hook '/home/ubuntu/ros2_ws/src/lidarsubnode/install/lidarsubnode/share/lidarsubnode/hook/pythonpath.ps1'
[3.946s] INFO:colcon.colcon_core.shell:Creating environment descriptor '/home/ubuntu/ros2_ws/src/lidarsubnode/install/lidarsubnode/share/lidarsubnode/hook/pythonpath.dsv'
[3.946s] INFO:colcon.colcon_core.shell:Creating environment hook '/home/ubuntu/ros2_ws/src/lidarsubnode/install/lidarsubnode/share/lidarsubnode/hook/pythonpath.sh'
[3.947s] Level 1:colcon.colcon_core.environment:checking '/home/ubuntu/ros2_ws/src/lidarsubnode/install/lidarsubnode/bin'
[3.948s] Level 1:colcon.colcon_core.environment:create_environment_scripts_only(lidarsubnode)
[3.983s] INFO:colcon.colcon_core.shell:Creating package script '/home/ubuntu/ros2_ws/src/lidarsubnode/install/lidarsubnode/share/lidarsubnode/package.ps1'
[3.986s] INFO:colcon.colcon_core.shell:Creating package descriptor '/home/ubuntu/ros2_ws/src/lidarsubnode/install/lidarsubnode/share/lidarsubnode/package.dsv'
[3.987s] INFO:colcon.colcon_core.shell:Creating package script '/home/ubuntu/ros2_ws/src/lidarsubnode/install/lidarsubnode/share/lidarsubnode/package.sh'
[3.988s] INFO:colcon.colcon_core.shell:Creating package script '/home/ubuntu/ros2_ws/src/lidarsubnode/install/lidarsubnode/share/lidarsubnode/package.bash'
[3.989s] INFO:colcon.colcon_core.shell:Creating package script '/home/ubuntu/ros2_ws/src/lidarsubnode/install/lidarsubnode/share/lidarsubnode/package.zsh'
[3.990s] Level 1:colcon.colcon_core.environment:create_file_with_runtime_dependencies(/home/ubuntu/ros2_ws/src/lidarsubnode/install/lidarsubnode/share/colcon-core/packages/lidarsubnode)
[3.991s] DEBUG:colcon.colcon_parallel_executor.executor.parallel:closing loop
[3.991s] DEBUG:colcon.colcon_parallel_executor.executor.parallel:loop closed
[3.992s] DEBUG:colcon.colcon_parallel_executor.executor.parallel:run_until_complete finished with '0'
[3.992s] DEBUG:colcon.colcon_core.event_reactor:joining thread
[4.033s] INFO:colcon.colcon_core.plugin_system:Skipping extension 'colcon_notification.desktop_notification.terminal_notifier': Not used on non-Darwin systems
[4.033s] INFO:colcon.colcon_core.plugin_system:Skipping extension 'colcon_notification.desktop_notification.win32': Not used on non-Windows systems
[4.033s] INFO:colcon.colcon_notification.desktop_notification:Sending desktop notification using 'notify2'
[4.435s] DEBUG:colcon.colcon_core.event_reactor:joined thread
[4.455s] INFO:colcon.colcon_core.shell:Creating prefix script '/home/ubuntu/ros2_ws/src/lidarsubnode/install/local_setup.ps1'
[4.457s] INFO:colcon.colcon_core.shell:Creating prefix util module '/home/ubuntu/ros2_ws/src/lidarsubnode/install/_local_setup_util_ps1.py'
[4.458s] INFO:colcon.colcon_core.shell:Creating prefix chain script '/home/ubuntu/ros2_ws/src/lidarsubnode/install/setup.ps1'
[4.480s] INFO:colcon.colcon_core.shell:Creating prefix script '/home/ubuntu/ros2_ws/src/lidarsubnode/install/local_setup.sh'
[4.480s] INFO:colcon.colcon_core.shell:Creating prefix util module '/home/ubuntu/ros2_ws/src/lidarsubnode/install/_local_setup_util_sh.py'
[4.481s] INFO:colcon.colcon_core.shell:Creating prefix chain script '/home/ubuntu/ros2_ws/src/lidarsubnode/install/setup.sh'
[4.504s] INFO:colcon.colcon_core.shell:Creating prefix script '/home/ubuntu/ros2_ws/src/lidarsubnode/install/local_setup.bash'
[4.504s] INFO:colcon.colcon_core.shell:Creating prefix chain script '/home/ubuntu/ros2_ws/src/lidarsubnode/install/setup.bash'
[4.527s] INFO:colcon.colcon_core.shell:Creating prefix script '/home/ubuntu/ros2_ws/src/lidarsubnode/install/local_setup.zsh'
[4.528s] INFO:colcon.colcon_core.shell:Creating prefix chain script '/home/ubuntu/ros2_ws/src/lidarsubnode/install/setup.zsh'
