[1.724s] DEBUG:colcon:Command line arguments: ['/usr/bin/colcon', 'build']
[1.725s] DEBUG:colcon:Parsed command line arguments: Namespace(log_base=None, log_level=None, verb_name='build', build_base='build', install_base='install', merge_install=False, symlink_install=False, test_result_base=None, continue_on_error=False, executor='parallel', parallel_workers=8, event_handlers=None, ignore_user_meta=False, metas=['./colcon.meta'], base_paths=['.'], packages_ignore=None, packages_ignore_regex=None, paths=None, packages_up_to=None, packages_up_to_regex=None, packages_above=None, packages_above_and_dependencies=None, packages_above_depth=None, packages_select_by_dep=None, packages_skip_by_dep=None, packages_skip_up_to=None, packages_select_build_failed=False, packages_skip_build_finished=False, packages_select_test_failures=False, packages_skip_test_passed=False, packages_select=None, packages_skip=None, packages_select_regex=None, packages_skip_regex=None, packages_start=None, packages_end=None, allow_overriding=[], cmake_args=None, cmake_target=None, cmake_target_skip_unavailable=False, cmake_clean_cache=False, cmake_clean_first=False, cmake_force_configure=False, ament_cmake_args=None, catkin_cmake_args=None, catkin_skip_building_tests=False, verb_parser=<colcon_defaults.argument_parser.defaults.DefaultArgumentsDecorator object at 0x7f34cb08e980>, verb_extension=<colcon_core.verb.build.BuildVerb object at 0x7f34cc22fd30>, main=<bound method BuildVerb.main of <colcon_core.verb.build.BuildVerb object at 0x7f34cc22fd30>>)
[1.803s] Level 1:colcon.colcon_core.package_discovery:discover_packages(colcon_meta) check parameters
[1.803s] Level 1:colcon.colcon_core.package_discovery:discover_packages(recursive) check parameters
[1.803s] Level 1:colcon.colcon_core.package_discovery:discover_packages(ignore) check parameters
[1.803s] Level 1:colcon.colcon_core.package_discovery:discover_packages(path) check parameters
[1.803s] Level 1:colcon.colcon_core.package_discovery:discover_packages(colcon_meta) discover
[1.803s] Level 1:colcon.colcon_core.package_discovery:discover_packages(recursive) discover
[1.803s] INFO:colcon.colcon_core.package_discovery:Crawling recursively for packages in '/home/ubuntu/ros2_ws/src/lidarsubnode'
[1.804s] Level 1:colcon.colcon_core.package_identification:_identify(.) by extensions ['ignore', 'ignore_ament_install']
[1.804s] Level 1:colcon.colcon_core.package_identification:_identify(.) by extension 'ignore'
[1.804s] Level 1:colcon.colcon_core.package_identification:_identify(.) by extension 'ignore_ament_install'
[1.804s] Level 1:colcon.colcon_core.package_identification:_identify(.) by extensions ['colcon_pkg']
[1.804s] Level 1:colcon.colcon_core.package_identification:_identify(.) by extension 'colcon_pkg'
[1.804s] Level 1:colcon.colcon_core.package_identification:_identify(.) by extensions ['colcon_meta']
[1.804s] Level 1:colcon.colcon_core.package_identification:_identify(.) by extension 'colcon_meta'
[1.804s] Level 1:colcon.colcon_core.package_identification:_identify(.) by extensions ['ros']
[1.804s] Level 1:colcon.colcon_core.package_identification:_identify(.) by extension 'ros'
[1.822s] DEBUG:colcon.colcon_core.package_identification:Package '.' with type 'ros.ament_python' and name 'lidarsubnode'
[1.822s] Level 1:colcon.colcon_core.package_discovery:discover_packages(recursive) using defaults
[1.822s] Level 1:colcon.colcon_core.package_discovery:discover_packages(ignore) discover
[1.823s] Level 1:colcon.colcon_core.package_discovery:discover_packages(ignore) using defaults
[1.823s] Level 1:colcon.colcon_core.package_discovery:discover_packages(path) discover
[1.823s] Level 1:colcon.colcon_core.package_discovery:discover_packages(path) using defaults
[1.969s] Level 1:colcon.colcon_core.package_discovery:discover_packages(prefix_path) check parameters
[1.969s] Level 1:colcon.colcon_core.package_discovery:discover_packages(prefix_path) discover
[2.021s] DEBUG:colcon.colcon_installed_package_information.package_discovery:Found 2 installed packages in /home/ubuntu/ros2_ws/install
[2.052s] DEBUG:colcon.colcon_installed_package_information.package_discovery:Found 402 installed packages in /opt/ros/humble
[2.056s] Level 1:colcon.colcon_core.package_discovery:discover_packages(prefix_path) using defaults
[2.244s] Level 5:colcon.colcon_core.verb:set package 'lidarsubnode' build argument 'cmake_args' from command line to 'None'
[2.245s] Level 5:colcon.colcon_core.verb:set package 'lidarsubnode' build argument 'cmake_target' from command line to 'None'
[2.245s] Level 5:colcon.colcon_core.verb:set package 'lidarsubnode' build argument 'cmake_target_skip_unavailable' from command line to 'False'
[2.245s] Level 5:colcon.colcon_core.verb:set package 'lidarsubnode' build argument 'cmake_clean_cache' from command line to 'False'
[2.245s] Level 5:colcon.colcon_core.verb:set package 'lidarsubnode' build argument 'cmake_clean_first' from command line to 'False'
[2.245s] Level 5:colcon.colcon_core.verb:set package 'lidarsubnode' build argument 'cmake_force_configure' from command line to 'False'
[2.245s] Level 5:colcon.colcon_core.verb:set package 'lidarsubnode' build argument 'ament_cmake_args' from command line to 'None'
[2.245s] Level 5:colcon.colcon_core.verb:set package 'lidarsubnode' build argument 'catkin_cmake_args' from command line to 'None'
[2.245s] Level 5:colcon.colcon_core.verb:set package 'lidarsubnode' build argument 'catkin_skip_building_tests' from command line to 'False'
[2.245s] DEBUG:colcon.colcon_core.verb:Building package 'lidarsubnode' with the following arguments: {'ament_cmake_args': None, 'build_base': '/home/ubuntu/ros2_ws/src/lidarsubnode/build/lidarsubnode', 'catkin_cmake_args': None, 'catkin_skip_building_tests': False, 'cmake_args': None, 'cmake_clean_cache': False, 'cmake_clean_first': False, 'cmake_force_configure': False, 'cmake_target': None, 'cmake_target_skip_unavailable': False, 'install_base': '/home/ubuntu/ros2_ws/src/lidarsubnode/install/lidarsubnode', 'merge_install': False, 'path': '/home/ubuntu/ros2_ws/src/lidarsubnode', 'symlink_install': False, 'test_result_base': None}
[2.270s] INFO:colcon.colcon_core.executor:Executing jobs using 'parallel' executor
[2.298s] DEBUG:colcon.colcon_parallel_executor.executor.parallel:run_until_complete
[2.298s] INFO:colcon.colcon_ros.task.ament_python.build:Building ROS package in '/home/ubuntu/ros2_ws/src/lidarsubnode' with build type 'ament_python'
[2.298s] Level 1:colcon.colcon_core.shell:create_environment_hook('lidarsubnode', 'ament_prefix_path')
[2.326s] INFO:colcon.colcon_core.plugin_system:Skipping extension 'colcon_core.shell.bat': Not used on non-Windows systems
[2.326s] INFO:colcon.colcon_core.shell:Creating environment hook '/home/ubuntu/ros2_ws/src/lidarsubnode/install/lidarsubnode/share/lidarsubnode/hook/ament_prefix_path.ps1'
[2.328s] INFO:colcon.colcon_core.shell:Creating environment descriptor '/home/ubuntu/ros2_ws/src/lidarsubnode/install/lidarsubnode/share/lidarsubnode/hook/ament_prefix_path.dsv'
[2.329s] INFO:colcon.colcon_core.shell:Creating environment hook '/home/ubuntu/ros2_ws/src/lidarsubnode/install/lidarsubnode/share/lidarsubnode/hook/ament_prefix_path.sh'
[2.359s] INFO:colcon.colcon_core.shell:Skip shell extension 'powershell' for command environment: Not usable outside of PowerShell
[2.359s] DEBUG:colcon.colcon_core.shell:Skip shell extension 'dsv' for command environment
[2.949s] INFO:colcon.colcon_core.task.python.build:Building Python package in '/home/ubuntu/ros2_ws/src/lidarsubnode'
[2.983s] INFO:colcon.colcon_core.shell:Skip shell extension 'powershell' for command environment: Not usable outside of PowerShell
[2.983s] DEBUG:colcon.colcon_core.shell:Skip shell extension 'dsv' for command environment
[3.680s] DEBUG:colcon.colcon_core.event_handler.log_command:Invoking command in '/home/ubuntu/ros2_ws/src/lidarsubnode': PYTHONPATH=/home/ubuntu/ros2_ws/src/lidarsubnode/build/lidarsubnode/prefix_override:/home/ubuntu/ros2_ws/src/lidarsubnode/install/lidarsubnode/lib/python3.10/site-packages:${PYTHONPATH} /usr/bin/python3 setup.py egg_info --egg-base build/lidarsubnode build --build-base /home/ubuntu/ros2_ws/src/lidarsubnode/build/lidarsubnode/build install --record /home/ubuntu/ros2_ws/src/lidarsubnode/build/lidarsubnode/install.log --single-version-externally-managed
[4.210s] DEBUG:colcon.colcon_core.event_handler.log_command:Invoked command in '/home/ubuntu/ros2_ws/src/lidarsubnode' returned '0': PYTHONPATH=/home/ubuntu/ros2_ws/src/lidarsubnode/build/lidarsubnode/prefix_override:/home/ubuntu/ros2_ws/src/lidarsubnode/install/lidarsubnode/lib/python3.10/site-packages:${PYTHONPATH} /usr/bin/python3 setup.py egg_info --egg-base build/lidarsubnode build --build-base /home/ubuntu/ros2_ws/src/lidarsubnode/build/lidarsubnode/build install --record /home/ubuntu/ros2_ws/src/lidarsubnode/build/lidarsubnode/install.log --single-version-externally-managed
[4.243s] Level 1:colcon.colcon_core.environment:checking '/home/ubuntu/ros2_ws/src/lidarsubnode/install/lidarsubnode' for CMake module files
[4.244s] Level 1:colcon.colcon_core.environment:checking '/home/ubuntu/ros2_ws/src/lidarsubnode/install/lidarsubnode' for CMake config files
[4.245s] Level 1:colcon.colcon_core.environment:checking '/home/ubuntu/ros2_ws/src/lidarsubnode/install/lidarsubnode/lib'
[4.245s] Level 1:colcon.colcon_core.environment:checking '/home/ubuntu/ros2_ws/src/lidarsubnode/install/lidarsubnode/bin'
[4.245s] Level 1:colcon.colcon_core.environment:checking '/home/ubuntu/ros2_ws/src/lidarsubnode/install/lidarsubnode/lib/pkgconfig/lidarsubnode.pc'
[4.246s] Level 1:colcon.colcon_core.environment:checking '/home/ubuntu/ros2_ws/src/lidarsubnode/install/lidarsubnode/lib/python3.10/site-packages'
[4.246s] Level 1:colcon.colcon_core.shell:create_environment_hook('lidarsubnode', 'pythonpath')
[4.279s] INFO:colcon.colcon_core.shell:Creating environment hook '/home/ubuntu/ros2_ws/src/lidarsubnode/install/lidarsubnode/share/lidarsubnode/hook/pythonpath.ps1'
[4.280s] INFO:colcon.colcon_core.shell:Creating environment descriptor '/home/ubuntu/ros2_ws/src/lidarsubnode/install/lidarsubnode/share/lidarsubnode/hook/pythonpath.dsv'
[4.280s] INFO:colcon.colcon_core.shell:Creating environment hook '/home/ubuntu/ros2_ws/src/lidarsubnode/install/lidarsubnode/share/lidarsubnode/hook/pythonpath.sh'
[4.281s] Level 1:colcon.colcon_core.environment:checking '/home/ubuntu/ros2_ws/src/lidarsubnode/install/lidarsubnode/bin'
[4.281s] Level 1:colcon.colcon_core.environment:create_environment_scripts_only(lidarsubnode)
[4.310s] INFO:colcon.colcon_core.shell:Creating package script '/home/ubuntu/ros2_ws/src/lidarsubnode/install/lidarsubnode/share/lidarsubnode/package.ps1'
[4.312s] INFO:colcon.colcon_core.shell:Creating package descriptor '/home/ubuntu/ros2_ws/src/lidarsubnode/install/lidarsubnode/share/lidarsubnode/package.dsv'
[4.313s] INFO:colcon.colcon_core.shell:Creating package script '/home/ubuntu/ros2_ws/src/lidarsubnode/install/lidarsubnode/share/lidarsubnode/package.sh'
[4.314s] INFO:colcon.colcon_core.shell:Creating package script '/home/ubuntu/ros2_ws/src/lidarsubnode/install/lidarsubnode/share/lidarsubnode/package.bash'
[4.315s] INFO:colcon.colcon_core.shell:Creating package script '/home/ubuntu/ros2_ws/src/lidarsubnode/install/lidarsubnode/share/lidarsubnode/package.zsh'
[4.317s] Level 1:colcon.colcon_core.environment:create_file_with_runtime_dependencies(/home/ubuntu/ros2_ws/src/lidarsubnode/install/lidarsubnode/share/colcon-core/packages/lidarsubnode)
[4.318s] DEBUG:colcon.colcon_parallel_executor.executor.parallel:closing loop
[4.319s] DEBUG:colcon.colcon_parallel_executor.executor.parallel:loop closed
[4.319s] DEBUG:colcon.colcon_parallel_executor.executor.parallel:run_until_complete finished with '0'
[4.319s] DEBUG:colcon.colcon_core.event_reactor:joining thread
[4.361s] INFO:colcon.colcon_core.plugin_system:Skipping extension 'colcon_notification.desktop_notification.terminal_notifier': Not used on non-Darwin systems
[4.361s] INFO:colcon.colcon_core.plugin_system:Skipping extension 'colcon_notification.desktop_notification.win32': Not used on non-Windows systems
[4.362s] INFO:colcon.colcon_notification.desktop_notification:Sending desktop notification using 'notify2'
[4.751s] DEBUG:colcon.colcon_core.event_reactor:joined thread
[4.778s] INFO:colcon.colcon_core.shell:Creating prefix script '/home/ubuntu/ros2_ws/src/lidarsubnode/install/local_setup.ps1'
[4.779s] INFO:colcon.colcon_core.shell:Creating prefix util module '/home/ubuntu/ros2_ws/src/lidarsubnode/install/_local_setup_util_ps1.py'
[4.781s] INFO:colcon.colcon_core.shell:Creating prefix chain script '/home/ubuntu/ros2_ws/src/lidarsubnode/install/setup.ps1'
[4.814s] INFO:colcon.colcon_core.shell:Creating prefix script '/home/ubuntu/ros2_ws/src/lidarsubnode/install/local_setup.sh'
[4.815s] INFO:colcon.colcon_core.shell:Creating prefix util module '/home/ubuntu/ros2_ws/src/lidarsubnode/install/_local_setup_util_sh.py'
[4.816s] INFO:colcon.colcon_core.shell:Creating prefix chain script '/home/ubuntu/ros2_ws/src/lidarsubnode/install/setup.sh'
[4.845s] INFO:colcon.colcon_core.shell:Creating prefix script '/home/ubuntu/ros2_ws/src/lidarsubnode/install/local_setup.bash'
[4.845s] INFO:colcon.colcon_core.shell:Creating prefix chain script '/home/ubuntu/ros2_ws/src/lidarsubnode/install/setup.bash'
[4.875s] INFO:colcon.colcon_core.shell:Creating prefix script '/home/ubuntu/ros2_ws/src/lidarsubnode/install/local_setup.zsh'
[4.876s] INFO:colcon.colcon_core.shell:Creating prefix chain script '/home/ubuntu/ros2_ws/src/lidarsubnode/install/setup.zsh'
